c:\users\22676\desktop\test\mousedragevent\debug\widget.obj
c:\users\22676\desktop\test\mousedragevent\debug\main.obj
c:\users\22676\desktop\test\mousedragevent\debug\panelchild.obj
c:\users\22676\desktop\test\mousedragevent\debug\mygraphicsscene.obj
c:\users\22676\desktop\test\mousedragevent\debug\panelobj.obj
c:\users\22676\desktop\test\mousedragevent\debug\vc142.pdb
c:\users\22676\desktop\test\mousedragevent\debug\qrc_images.obj
c:\users\22676\desktop\test\mousedragevent\debug\moc_panelchild.obj
c:\users\22676\desktop\test\mousedragevent\debug\moc_subgphitem.obj
c:\users\22676\desktop\test\mousedragevent\debug\moc_mygraphicsscene.obj
c:\users\22676\desktop\test\mousedragevent\debug\moc_widget.obj
c:\users\22676\desktop\test\mousedragevent\debug\moc_panelobj.obj
c:\users\22676\desktop\test\mousedragevent\debug\subgphitem.obj
c:\users\22676\desktop\test\mousedragevent\debug\myview.obj
c:\users\22676\desktop\test\mousedragevent\debug\moc_myview.obj
c:\users\22676\desktop\test\mousedragevent\debug\moc_roulettepanel.obj
c:\users\22676\desktop\test\mousedragevent\debug\roulettepanel.obj
c:\users\22676\desktop\test\mousedragevent\debug\moc_predefs.h
c:\users\22676\desktop\test\mousedragevent\ui_widget.h
c:\users\22676\desktop\test\mousedragevent\debug\qrc_images.cpp
c:\users\22676\desktop\test\mousedragevent\debug\moc_panelchild.cpp
c:\users\22676\desktop\test\mousedragevent\debug\moc_panelobj.cpp
c:\users\22676\desktop\test\mousedragevent\debug\moc_subgphitem.cpp
c:\users\22676\desktop\test\mousedragevent\debug\moc_widget.cpp
c:\users\22676\desktop\test\mousedragevent\debug\moc_mygraphicsscene.cpp
c:\users\22676\desktop\test\mousedragevent\debug\moc_myview.cpp
c:\users\22676\desktop\test\mousedragevent\debug\moc_标头.cpp
c:\users\22676\desktop\test\mousedragevent\debug\moc_roulettepanel.cpp
c:\users\22676\desktop\test\mousedragevent\debug\demo6.ilk
c:\users\22676\desktop\test\mousedragevent\debug\demo6.exe
c:\users\22676\desktop\test\mousedragevent\debug\demo6.pdb
c:\users\22676\desktop\test\mousedragevent\debug\demo6.tlog\cl.command.1.tlog
c:\users\22676\desktop\test\mousedragevent\debug\demo6.tlog\cl.read.1.tlog
c:\users\22676\desktop\test\mousedragevent\debug\demo6.tlog\cl.write.1.tlog
c:\users\22676\desktop\test\mousedragevent\debug\demo6.tlog\custombuild.command.1.tlog
c:\users\22676\desktop\test\mousedragevent\debug\demo6.tlog\custombuild.read.1.tlog
c:\users\22676\desktop\test\mousedragevent\debug\demo6.tlog\custombuild.write.1.tlog
c:\users\22676\desktop\test\mousedragevent\debug\demo6.tlog\demo6.write.1u.tlog
c:\users\22676\desktop\test\mousedragevent\debug\demo6.tlog\link.command.1.tlog
c:\users\22676\desktop\test\mousedragevent\debug\demo6.tlog\link.read.1.tlog
c:\users\22676\desktop\test\mousedragevent\debug\demo6.tlog\link.write.1.tlog
c:\users\22676\desktop\test\mousedragevent\debug\demo6.tlog\moc.read.1u.tlog
c:\users\22676\desktop\test\mousedragevent\debug\demo6.tlog\moc.write.1u.tlog
c:\users\22676\desktop\test\mousedragevent\debug\demo6.tlog\rcc.read.1u.tlog
c:\users\22676\desktop\test\mousedragevent\debug\demo6.tlog\rcc.write.1u.tlog
c:\users\22676\desktop\test\mousedragevent\debug\demo6.tlog\uic.read.1u.tlog
c:\users\22676\desktop\test\mousedragevent\debug\demo6.tlog\uic.write.1u.tlog
